c:\users\pikas\documents\work\gds_mesh_clliper\x64\debug\vc143.pdb
c:\users\pikas\documents\work\gds_mesh_clliper\x64\debug\vc143.idb
c:\users\pikas\documents\work\gds_mesh_clliper\x64\debug\utils.obj
c:\users\pikas\documents\work\gds_mesh_clliper\x64\debug\style.obj
c:\users\pikas\documents\work\gds_mesh_clliper\x64\debug\robustpath.obj
c:\users\pikas\documents\work\gds_mesh_clliper\x64\debug\repetition.obj
c:\users\pikas\documents\work\gds_mesh_clliper\x64\debug\reference.obj
c:\users\pikas\documents\work\gds_mesh_clliper\x64\debug\rawcell.obj
c:\users\pikas\documents\work\gds_mesh_clliper\x64\debug\property.obj
c:\users\pikas\documents\work\gds_mesh_clliper\x64\debug\polygon.obj
c:\users\pikas\documents\work\gds_mesh_clliper\x64\debug\oasis.obj
c:\users\pikas\documents\work\gds_mesh_clliper\x64\debug\library.obj
c:\users\pikas\documents\work\gds_mesh_clliper\x64\debug\label.obj
c:\users\pikas\documents\work\gds_mesh_clliper\x64\debug\gdsii.obj
c:\users\pikas\documents\work\gds_mesh_clliper\x64\debug\flexpath.obj
c:\users\pikas\documents\work\gds_mesh_clliper\x64\debug\curve.obj
c:\users\pikas\documents\work\gds_mesh_clliper\x64\debug\clipper_tools.obj
c:\users\pikas\documents\work\gds_mesh_clliper\x64\debug\clipper.obj
c:\users\pikas\documents\work\gds_mesh_clliper\x64\debug\cell.obj
c:\users\pikas\documents\work\gds_mesh_clliper\x64\debug\gds_mesh_clliper.obj
c:\users\pikas\documents\work\gds_mesh_clliper\x64\debug\user_r.obj
c:\users\pikas\documents\work\gds_mesh_clliper\x64\debug\userprintf_r.obj
c:\users\pikas\documents\work\gds_mesh_clliper\x64\debug\usermem_r.obj
c:\users\pikas\documents\work\gds_mesh_clliper\x64\debug\stat_r.obj
c:\users\pikas\documents\work\gds_mesh_clliper\x64\debug\rboxlib_r.obj
c:\users\pikas\documents\work\gds_mesh_clliper\x64\debug\random_r.obj
c:\users\pikas\documents\work\gds_mesh_clliper\x64\debug\poly_r.obj
c:\users\pikas\documents\work\gds_mesh_clliper\x64\debug\poly2_r.obj
c:\users\pikas\documents\work\gds_mesh_clliper\x64\debug\merge_r.obj
c:\users\pikas\documents\work\gds_mesh_clliper\x64\debug\mem_r.obj
c:\users\pikas\documents\work\gds_mesh_clliper\x64\debug\libqhull_r.obj
c:\users\pikas\documents\work\gds_mesh_clliper\x64\debug\io_r.obj
c:\users\pikas\documents\work\gds_mesh_clliper\x64\debug\global_r.obj
c:\users\pikas\documents\work\gds_mesh_clliper\x64\debug\geom_r.obj
c:\users\pikas\documents\work\gds_mesh_clliper\x64\debug\geom2_r.obj
c:\users\pikas\documents\work\gds_mesh_clliper\x64\debug\accessors_r.obj
c:\users\pikas\documents\work\gds_mesh_clliper\x64\debug\gds_mesh_clliper.tlog\cl.command.1.tlog
c:\users\pikas\documents\work\gds_mesh_clliper\x64\debug\gds_mesh_clliper.tlog\cl.read.1.tlog
c:\users\pikas\documents\work\gds_mesh_clliper\x64\debug\gds_mesh_clliper.tlog\cl.write.1.tlog
